[INFO] Scanning for projects...
[INFO] 
[INFO] ----------------------< itst.ws:content-service >-----------------------
[INFO] Building content-service 0.0.1-SNAPSHOT
[INFO]   from pom.xml
[INFO] --------------------------------[ war ]---------------------------------
[INFO] 
[INFO] >>> spring-boot:3.5.6:run (default-cli) > test-compile @ content-service >>>
[INFO] 
[INFO] --- resources:3.3.1:resources (default-resources) @ content-service ---
[INFO] Copying 1 resource from src\main\resources to target\classes
[INFO] Copying 1 resource from src\main\resources to target\classes
[INFO] 
[INFO] --- compiler:3.14.0:compile (default-compile) @ content-service ---
[INFO] Recompiling the module because of changed source code.
[INFO] Compiling 62 source files with javac [debug parameters release 21] to target\classes
[WARNING] /C:/Users/angel/Downloads/Ejemplo2/Carpeta con microservicios/mediaflow-api/content-service/src/main/java/com/mediaflow/api/model/Category.java:[45,27] @Builder will ignore the initializing expression entirely. If you want the initializing expression to serve as default, add @Builder.Default. If it is not supposed to be settable during building, make the field final.
[WARNING] /C:/Users/angel/Downloads/Ejemplo2/Carpeta con microservicios/mediaflow-api/content-service/src/main/java/com/mediaflow/api/model/Content.java:[84,28] @Builder will ignore the initializing expression entirely. If you want the initializing expression to serve as default, add @Builder.Default. If it is not supposed to be settable during building, make the field final.
[INFO] 
[INFO] --- resources:3.3.1:testResources (default-testResources) @ content-service ---
[INFO] skip non existing resourceDirectory C:\Users\angel\Downloads\Ejemplo2\Carpeta con microservicios\mediaflow-api\content-service\src\test\resources
[INFO] 
[INFO] --- compiler:3.14.0:testCompile (default-testCompile) @ content-service ---
[INFO] Recompiling the module because of changed dependency.
[INFO] Compiling 2 source files with javac [debug parameters release 21] to target\test-classes
[INFO] 
[INFO] <<< spring-boot:3.5.6:run (default-cli) < test-compile @ content-service <<<
[INFO] 
[INFO] 
[INFO] --- spring-boot:3.5.6:run (default-cli) @ content-service ---
